<?xml version="1.0" encoding="UTF-8"?>
<testng-results skipped="0" failed="1" ignored="0" total="1" passed="0">
  <reporter-output>
  </reporter-output>
  <suite name="Default suite" duration-ms="20965" started-at="2020-12-06T20:23:23 IST" finished-at="2020-12-06T20:23:44 IST">
    <groups>
      <group name="cucumber">
        <method signature="AbstractTestNGCucumberTests.runScenario(io.cucumber.testng.PickleWrapper, io.cucumber.testng.FeatureWrapper)[pri:0, instance:runners.cucumberRunner@4493d195]" name="runScenario" class="io.cucumber.testng.AbstractTestNGCucumberTests"/>
      </group> <!-- cucumber -->
    </groups>
    <test name="Default test" duration-ms="20965" started-at="2020-12-06T20:23:23 IST" finished-at="2020-12-06T20:23:44 IST">
      <class name="runners.cucumberRunner">
        <test-method status="PASS" signature="setUpClass()[pri:0, instance:runners.cucumberRunner@4493d195]" name="setUpClass" is-config="true" duration-ms="535" started-at="2020-12-06T20:23:23 IST" finished-at="2020-12-06T20:23:23 IST">
          <reporter-output>
          </reporter-output>
        </test-method> <!-- setUpClass -->
        <test-method status="FAIL" signature="runScenario(io.cucumber.testng.PickleWrapper, io.cucumber.testng.FeatureWrapper)[pri:0, instance:runners.cucumberRunner@4493d195]" name="runScenario" duration-ms="19215" started-at="2020-12-06T20:23:23 IST" description="Runs Cucumber Scenarios" data-provider="scenarios" finished-at="2020-12-06T20:23:42 IST">
          <params>
            <param index="0">
              <value>
                <![CDATA["Navigate to flights section of MakeMyTrip"]]>
              </value>
            </param>
            <param index="1">
              <value>
                <![CDATA["Optional[Book a Flight]"]]>
              </value>
            </param>
          </params>
          <exception class="io.cucumber.java.PendingException">
            <message>
              <![CDATA[TODO: implement me]]>
            </message>
            <full-stacktrace>
              <![CDATA[io.cucumber.java.PendingException: TODO: implement me
at stepDefinitions.BookAflight.book_flight_available_on_the_journey_date(BookAflight.java:46)
at ✽.Book flight available on the journey date.(file:///D:/manohar/eclipse-workspace/BDDCucumber/src/test/resources/features/BookMyFlight.feature:7)
]]>
            </full-stacktrace>
          </exception> <!-- io.cucumber.java.PendingException -->
          <reporter-output>
          </reporter-output>
        </test-method> <!-- runScenario -->
        <test-method status="PASS" signature="tearDownClass()[pri:0, instance:runners.cucumberRunner@4493d195]" name="tearDownClass" is-config="true" duration-ms="1130" started-at="2020-12-06T20:23:42 IST" finished-at="2020-12-06T20:23:44 IST">
          <reporter-output>
          </reporter-output>
        </test-method> <!-- tearDownClass -->
      </class> <!-- runners.cucumberRunner -->
    </test> <!-- Default test -->
  </suite> <!-- Default suite -->
</testng-results>
