<?xml version="1.0" encoding="UTF-8"?>
<!-- Generated by org.testng.reporters.JUnitXMLReporter -->
<testsuite hostname="LAPTOP-RI1QAICQ" ignored="0" name="Default test" tests="1" failures="1" timestamp="2020-12-06T20:23:44 IST" time="20.965" errors="0">
  <testcase name="runScenario" time="19.215" classname="io.cucumber.testng.AbstractTestNGCucumberTests">
    <failure type="io.cucumber.java.PendingException" message="TODO: implement me">
      <![CDATA[io.cucumber.java.PendingException: TODO: implement me
at stepDefinitions.BookAflight.book_flight_available_on_the_journey_date(BookAflight.java:46)
at ✽.Book flight available on the journey date.(file:///D:/manohar/eclipse-workspace/BDDCucumber/src/test/resources/features/BookMyFlight.feature:7)
]]>
    </failure>
  </testcase> <!-- runScenario -->
</testsuite> <!-- Default test -->
