<?xml version="1.0" encoding="UTF-8"?>
<!-- Generated by org.testng.reporters.JUnitReportReporter -->
<testsuite skipped="0" hostname="LAPTOP-RI1QAICQ" name="runners.cucumberRunner" tests="1" failures="0" timestamp="2020-12-06T20:23:44 IST" time="19.215" errors="1">
  <testcase name="runScenario" time="19.215" classname="runners.cucumberRunner">
    <error type="io.cucumber.java.PendingException" message="TODO: implement me">
      <![CDATA[io.cucumber.java.PendingException: TODO: implement me
at stepDefinitions.BookAflight.book_flight_available_on_the_journey_date(BookAflight.java:46)
at ✽.Book flight available on the journey date.(file:///D:/manohar/eclipse-workspace/BDDCucumber/src/test/resources/features/BookMyFlight.feature:7)
]]>
    </error>
  </testcase> <!-- runScenario -->
  <system-out/>
</testsuite> <!-- runners.cucumberRunner -->
